TN:
SF:/home/hengue/disk/projects/cmc-reducer-sv-benchmarks/ICSE18_reducer_artifact/verifiers/CPAchecker/../../sv-benchmarks/c/array-examples/data_structures_set_multi_proc_false-unreach-call_ground.i
FN:2,__VERIFIER_assert
#FN:2
FN:7,elem_exists
#FN:13
FN:3,insert
#FN:6
FN:14,main
#FN:37
FNDA:1,main
FNDA:1,elem_exists
DA:33,0
DA:21,1
DA:2,0
DA:28,27621
DA:4,0
DA:5,0
DA:27,27621
DA:29,27621
DA:8,1
DA:9,82855
DA:10,82854
DA:11,27618
DA:12,27618
DA:15,1
DA:16,1
DA:17,1
DA:18,1
DA:19,3
DA:20,1
DA:22,1
DA:23,1
DA:24,1
DA:25,1
DA:26,3
DA:30,1
DA:31,0
DA:32,0
DA:34,0
DA:35,0
DA:36,0
end_of_record
